Operating system: Microsoft Windows NT 6.2.9200.0
Opening INI file "C:\ballsaku\SonLVL INI Files\objGHZ.ini"...
Game type is S2.
Opening INI file "C:\ballsaku\SonLVL INI Files\objGHZ.ini"...
Game type is S2.
Loading 11...
System.AggregateException: Se han producido uno o varios errores. ---> System.FormatException: Level must contain at least one Tiles file!
   en SonicRetro.SonLVL.API.LevelData.LoadLevelTiles() en D:\Programs\SonLVL\SonLVLAPI\LevelData.cs:línea 461
   en System.Threading.Tasks.Task.InnerInvoke()
   en System.Threading.Tasks.Task.Execute()
   --- Fin del seguimiento de la pila de la excepción interna ---
   en System.Threading.Tasks.Task.WaitAll(Task[] tasks, Int32 millisecondsTimeout, CancellationToken cancellationToken)
   en System.Threading.Tasks.Task.WaitAll(Task[] tasks, Int32 millisecondsTimeout)
   en System.Threading.Tasks.Parallel.Invoke(ParallelOptions parallelOptions, Action[] actions)
   en System.Threading.Tasks.Parallel.Invoke(Action[] actions)
   en SonicRetro.SonLVL.API.LevelData.LoadLevel(String levelname, Boolean loadGraphics) en D:\Programs\SonLVL\SonLVLAPI\LevelData.cs:línea 179
   en SonicRetro.SonLVL.GUI.MainForm.backgroundLevelLoader_DoWork(Object sender, DoWorkEventArgs e) en D:\Programs\SonLVL\SonLVL\MainForm.cs:línea 574
---> (Nº de excepción interna 0) System.FormatException: Level must contain at least one Tiles file!
   en SonicRetro.SonLVL.API.LevelData.LoadLevelTiles() en D:\Programs\SonLVL\SonLVLAPI\LevelData.cs:línea 461
   en System.Threading.Tasks.Task.InnerInvoke()
   en System.Threading.Tasks.Task.Execute()<---

---> (Nº de excepción interna 1) System.FormatException: Level must contain at least one Blocks file!
   en SonicRetro.SonLVL.API.LevelData.LoadLevelBlocks() en D:\Programs\SonLVL\SonLVLAPI\LevelData.cs:línea 520
   en System.Threading.Tasks.Task.InnerInvoke()
   en System.Threading.Tasks.Task.Execute()<---

---> (Nº de excepción interna 2) System.FormatException: Level must contain at least one Chunks file!
   en SonicRetro.SonLVL.API.LevelData.LoadLevelChunks() en D:\Programs\SonLVL\SonLVLAPI\LevelData.cs:línea 552
   en System.Threading.Tasks.Task.InnerInvoke()
   en System.Threading.Tasks.Task.Execute()<---

---> (Nº de excepción interna 3) System.FormatException: Level must contain a Layout file!
   en SonicRetro.SonLVL.API.LevelData.LoadLevelLayout(String levelname) en D:\Programs\SonLVL\SonLVLAPI\LevelData.cs:línea 625
   en SonicRetro.SonLVL.API.LevelData.<>c__DisplayClass70_0.<LoadLevel>b__0() en D:\Programs\SonLVL\SonLVLAPI\LevelData.cs:línea 179
   en System.Threading.Tasks.Task.InnerInvoke()
   en System.Threading.Tasks.Task.Execute()<---

---> (Nº de excepción interna 4) System.FormatException: Level must contain at least one Palette file!
   en SonicRetro.SonLVL.API.LevelData.LoadLevelPalette() en D:\Programs\SonLVL\SonLVLAPI\LevelData.cs:línea 677
   en System.Threading.Tasks.Task.InnerInvoke()
   en System.Threading.Tasks.Task.Execute()<---

